<?xml version="1.0" encoding="UTF-8"?>
<robot generator="Robot 3.1.2 (Python 3.7.4 on win32)" generated="20191124 15:12:07.348" rpa="false">
<suite id="s1" name="Robot" source="D:\python-workspace\我的第一个python程序\robot">
<suite id="s1-s1" name="New1" source="D:\python-workspace\我的第一个python程序\robot\new1.robot">
<test id="s1-s1-t1" name="testCase">
<kw name="Open Browser" library="Selenium2Library">
<doc>Opens a new browser instance to the optional ``url``.</doc>
<arguments>
<arg>http://www.baidu.com</arg>
<arg>chrome</arg>
</arguments>
<msg timestamp="20191124 15:12:07.507" level="INFO">Opening browser 'chrome' to base url 'http://www.baidu.com'.</msg>
<status status="PASS" starttime="20191124 15:12:07.507" endtime="20191124 15:12:11.639"></status>
</kw>
<kw name="Input Text" library="Selenium2Library">
<doc>Types the given ``text`` into the text field identified by ``locator``.</doc>
<arguments>
<arg>id=kw</arg>
<arg>robot framework</arg>
</arguments>
<msg timestamp="20191124 15:12:11.640" level="INFO">Typing text 'robot framework' into text field 'id=kw'.</msg>
<status status="PASS" starttime="20191124 15:12:11.639" endtime="20191124 15:12:11.895"></status>
</kw>
<kw name="Click Button" library="Selenium2Library">
<doc>Clicks the button identified by ``locator``.</doc>
<arguments>
<arg>id=su</arg>
</arguments>
<msg timestamp="20191124 15:12:11.896" level="INFO">Clicking button 'id=su'.</msg>
<status status="PASS" starttime="20191124 15:12:11.895" endtime="20191124 15:12:11.989"></status>
</kw>
<kw name="Close Browser" library="Selenium2Library">
<doc>Closes the current browser.</doc>
<status status="PASS" starttime="20191124 15:12:11.989" endtime="20191124 15:12:14.141"></status>
</kw>
<status status="PASS" starttime="20191124 15:12:07.507" endtime="20191124 15:12:14.142" critical="yes"></status>
</test>
<status status="PASS" starttime="20191124 15:12:07.372" endtime="20191124 15:12:14.144"></status>
</suite>
<suite id="s1-s2" name="New1" source="D:\python-workspace\我的第一个python程序\robot\new1.txt">
<test id="s1-s2-t1" name="testCase">
<kw name="Open Browser" library="Selenium2Library">
<doc>Opens a new browser instance to the optional ``url``.</doc>
<arguments>
<arg>http://www.baidu.com</arg>
<arg>chrome</arg>
</arguments>
<msg timestamp="20191124 15:12:14.156" level="INFO">Opening browser 'chrome' to base url 'http://www.baidu.com'.</msg>
<status status="PASS" starttime="20191124 15:12:14.156" endtime="20191124 15:12:17.869"></status>
</kw>
<kw name="Input Text" library="Selenium2Library">
<doc>Types the given ``text`` into the text field identified by ``locator``.</doc>
<arguments>
<arg>id=kw</arg>
<arg>robot framework</arg>
</arguments>
<msg timestamp="20191124 15:12:17.869" level="INFO">Typing text 'robot framework' into text field 'id=kw'.</msg>
<status status="PASS" starttime="20191124 15:12:17.869" endtime="20191124 15:12:18.101"></status>
</kw>
<kw name="Click Button" library="Selenium2Library">
<doc>Clicks the button identified by ``locator``.</doc>
<arguments>
<arg>id=su</arg>
</arguments>
<msg timestamp="20191124 15:12:18.101" level="INFO">Clicking button 'id=su'.</msg>
<status status="PASS" starttime="20191124 15:12:18.101" endtime="20191124 15:12:18.190"></status>
</kw>
<kw name="Close Browser" library="Selenium2Library">
<doc>Closes the current browser.</doc>
<status status="PASS" starttime="20191124 15:12:18.190" endtime="20191124 15:12:20.344"></status>
</kw>
<status status="PASS" starttime="20191124 15:12:14.155" endtime="20191124 15:12:20.345" critical="yes"></status>
</test>
<status status="PASS" starttime="20191124 15:12:14.148" endtime="20191124 15:12:20.347"></status>
</suite>
<status status="PASS" starttime="20191124 15:12:07.350" endtime="20191124 15:12:20.353"></status>
</suite>
<statistics>
<total>
<stat pass="2" fail="0">Critical Tests</stat>
<stat pass="2" fail="0">All Tests</stat>
</total>
<tag>
</tag>
<suite>
<stat pass="2" fail="0" id="s1" name="Robot">Robot</stat>
<stat pass="1" fail="0" id="s1-s1" name="New1">Robot.New1</stat>
<stat pass="1" fail="0" id="s1-s2" name="New1">Robot.New1</stat>
</suite>
</statistics>
<errors>
<msg timestamp="20191124 15:12:07.345" level="WARN">Automatically parsing other than '*.robot' files is deprecated. Convert 'D:\python-workspace\我的第一个python程序\robot\new1.txt' to '*.robot' format or use '--extension' to explicitly configure which files to parse.</msg>
</errors>
</robot>
