<?xml version="1.0" encoding="UTF-8"?>
<robot generator="Robot 3.1.2 (Python 3.7.4 on win32)" generated="20191123 14:36:46.820" rpa="false">
<suite id="s1" name="百度搜索测试套件">
<test id="s1-t1" name="启动浏览器">
<kw name="Open Browser" library="SeleniumLibrary">
<doc>Opens a new browser instance to the optional ``url``.</doc>
<arguments>
<arg>${baidu}</arg>
<arg>${browser}</arg>
</arguments>
<msg timestamp="20191123 14:36:48.767" level="INFO">Opening browser 'Chrome' to base url 'https://www.baidu.com'.</msg>
<kw name="Capture Page Screenshot" library="SeleniumLibrary">
<doc>Takes a screenshot of the current page and embeds it into a log file.</doc>
<msg timestamp="20191123 14:36:51.532" level="INFO">Cannot capture screenshot because no browser is open.</msg>
<status status="PASS" starttime="20191123 14:36:51.532" endtime="20191123 14:36:51.532"></status>
</kw>
<msg timestamp="20191123 14:36:51.579" level="FAIL">WebDriverException: Message: unknown error: cannot find Chrome binary
  (Driver info: chromedriver=2.41.578737 (49da6702b16031c40d63e5618de03a32ff6c197e),platform=Windows NT 10.0.10586 x86_64)
</msg>
<status status="FAIL" starttime="20191123 14:36:48.767" endtime="20191123 14:36:51.579"></status>
</kw>
<status status="FAIL" starttime="20191123 14:36:48.752" endtime="20191123 14:36:51.579" critical="no">WebDriverException: Message: unknown error: cannot find Chrome binary
  (Driver info: chromedriver=2.41.578737 (49da6702b16031c40d63e5618de03a32ff6c197e),platform=Windows NT 10.0.10586 x86_64)
</status>
</test>
<test id="s1-t2" name="百度搜索测试">
<kw name="Input Text" library="SeleniumLibrary">
<doc>Types the given ``text`` into the text field identified by ``locator``.</doc>
<arguments>
<arg>${search_input}</arg>
<arg>测试教程网</arg>
</arguments>
<msg timestamp="20191123 14:36:51.595" level="INFO">Typing text '测试教程网' into text field 'id=kw'.</msg>
<kw name="Capture Page Screenshot" library="SeleniumLibrary">
<doc>Takes a screenshot of the current page and embeds it into a log file.</doc>
<msg timestamp="20191123 14:36:51.595" level="INFO">Cannot capture screenshot because no browser is open.</msg>
<status status="PASS" starttime="20191123 14:36:51.595" endtime="20191123 14:36:51.595"></status>
</kw>
<msg timestamp="20191123 14:36:51.595" level="FAIL">No browser is open.</msg>
<status status="FAIL" starttime="20191123 14:36:51.595" endtime="20191123 14:36:51.595"></status>
</kw>
<status status="FAIL" starttime="20191123 14:36:51.579" endtime="20191123 14:36:51.595" critical="no">No browser is open.</status>
</test>
<test id="s1-t3" name="断言验证搜索结果标题">
<kw name="Title Should Be" library="SeleniumLibrary">
<doc>Verifies that the current page title equals ``title``.</doc>
<arguments>
<arg>测试教程网_百度搜索</arg>
</arguments>
<kw name="Capture Page Screenshot" library="SeleniumLibrary">
<doc>Takes a screenshot of the current page and embeds it into a log file.</doc>
<msg timestamp="20191123 14:36:51.610" level="INFO">Cannot capture screenshot because no browser is open.</msg>
<status status="PASS" starttime="20191123 14:36:51.610" endtime="20191123 14:36:51.610"></status>
</kw>
<msg timestamp="20191123 14:36:51.610" level="FAIL">No browser is open.</msg>
<status status="FAIL" starttime="20191123 14:36:51.610" endtime="20191123 14:36:51.610"></status>
</kw>
<status status="FAIL" starttime="20191123 14:36:51.595" endtime="20191123 14:36:51.610" critical="no">No browser is open.</status>
</test>
<test id="s1-t4" name="关闭浏览器">
<kw name="Close All Browsers" library="SeleniumLibrary">
<doc>Closes all open browsers and resets the browser cache.</doc>
<status status="PASS" starttime="20191123 14:36:51.610" endtime="20191123 14:36:51.610"></status>
</kw>
<status status="PASS" starttime="20191123 14:36:51.610" endtime="20191123 14:36:51.610" critical="no"></status>
</test>
<status status="PASS" starttime="20191123 14:36:46.820" endtime="20191123 14:36:51.610"></status>
</suite>
<statistics>
<total>
<stat pass="0" fail="0">Critical Tests</stat>
<stat pass="1" fail="3">All Tests</stat>
</total>
<tag>
<stat pass="0" fail="0" info="critical">百度搜索</stat>
</tag>
<suite>
<stat pass="1" fail="3" id="s1" name="百度搜索测试套件">百度搜索测试套件</stat>
</suite>
</statistics>
<errors>
</errors>
</robot>
